<?xml version="1.0" encoding="UTF-8"?>
<!-- Generated by org.testng.reporters.JUnitXMLReporter -->
<testsuite hostname="B2ML23982" ignored="2" name="MercuryToursTest" tests="2" failures="0" timestamp="01 Jun 2020 07:47:04 GMT" time="83.615" errors="0">
  <testcase name="bookingTest" time="66.429" classname="com.mercury.org.testexecute.test.BookingTest"/>
  <testcase name="verifyValidCredentials" time="5.454" classname="com.mercury.org.testexecute.test.RegisterTest"/>
  <testcase name="@AfterSuite shutDownDriver" time="0.0" classname="com.mercury.org.testexecute.base.BaseClass">
    <ignored/>
  </testcase> <!-- @AfterSuite shutDownDriver -->
  <testcase name="@BeforeSuite initializatingDriver" time="0.0" classname="com.mercury.org.testexecute.base.BaseClass">
    <ignored/>
  </testcase> <!-- @BeforeSuite initializatingDriver -->
</testsuite> <!-- MercuryToursTest -->
